[debug] [2018-11-21T01:11:06.733Z] ----------------------------------------------------------------------
[debug] [2018-11-21T01:11:06.739Z] Command:       /usr/local/bin/node /usr/local/bin/firebase deploy --only hosting --debug
[debug] [2018-11-21T01:11:06.740Z] CLI Version:   6.1.1
[debug] [2018-11-21T01:11:06.740Z] Platform:      darwin
[debug] [2018-11-21T01:11:06.740Z] Node Version:  v10.12.0
[debug] [2018-11-21T01:11:06.742Z] Time:          Wed Nov 21 2018 02:11:06 GMT+0100 (Central European Standard Time)
[debug] [2018-11-21T01:11:06.742Z] ----------------------------------------------------------------------
[debug] 
[debug] [2018-11-21T01:11:06.759Z] > command requires scopes: ["email","openid","https://www.googleapis.com/auth/cloudplatformprojects.readonly","https://www.googleapis.com/auth/firebase","https://www.googleapis.com/auth/cloud-platform"]
[debug] [2018-11-21T01:11:06.759Z] > authorizing via signed-in user
[debug] [2018-11-21T01:11:06.760Z] [iam] checking project devfest-paris-2019 for permissions ["firebase.projects.get","firebasehosting.sites.update"]
[debug] [2018-11-21T01:11:06.763Z] >>> HTTP REQUEST POST https://cloudresourcemanager.googleapis.com/v1/projects/devfest-paris-2019:testIamPermissions  

[debug] [2018-11-21T01:11:07.770Z] <<< HTTP RESPONSE 200
[debug] [2018-11-21T01:11:07.774Z] >>> HTTP REQUEST GET https://firebase.googleapis.com/v1beta1/projects/devfest-paris-2019  
 
[debug] [2018-11-21T01:11:08.179Z] <<< HTTP RESPONSE 200
[warn] ⚠  functions: package.json indicates an outdated version of firebase-functions.
 Please upgrade using npm install --save firebase-functions@latest in your functions directory.
[info] 
[info] === Deploying to 'devfest-paris-2019'...
[info] 
[info] i  deploying hosting
[debug] [2018-11-21T01:11:16.731Z] >>> HTTP REQUEST POST https://firebasehosting.googleapis.com/v1beta1/sites/devfest-paris-2019/versions  

[debug] [2018-11-21T01:11:19.257Z] <<< HTTP RESPONSE 200
[info] i  hosting[devfest-paris-2019]: beginning deploy...
[info] i  hosting[devfest-paris-2019]: found 109 files in ./build
[debug] [2018-11-21T01:11:19.326Z] [hosting] hash cache [YnVpbGQ] not populated
[debug] [2018-11-21T01:11:21.181Z] [hosting] hash cache [YnVpbGQ] stored for 109 files
[debug] [2018-11-21T01:11:21.181Z] [hosting][hash queue][FINAL]
[debug] [2018-11-21T01:11:21.181Z] >>> HTTP REQUEST POST https://firebasehosting.googleapis.com/v1beta1/sites/devfest-paris-2019/versions/6d7e4cb25a0e7bbc:populateFiles  
 <request body omitted>
[info] i  hosting: adding files to version [0/109] (0%)
[info] i  hosting: adding files to version [0/109] (0%)
[debug] [2018-11-21T01:11:24.787Z] <<< HTTP RESPONSE 200
[debug] [2018-11-21T01:11:24.808Z] [hosting][populate queue][FINAL]
[debug] [2018-11-21T01:11:24.808Z] [hosting] uploads queued: 17
[info] i  hosting: uploading new files [0/17] (0%)
[info] i  hosting: uploading new files [0/17] (0%)
[info] i  hosting: uploading new files [0/17] (0%)
[info] i  hosting: uploading new files [1/17] (5%)
[info] i  hosting: uploading new files [1/17] (5%)
[info] i  hosting: uploading new files [6/17] (35%)
[info] i  hosting: uploading new files [9/17] (52%)
[info] i  hosting: uploading new files [10/17] (58%)
[info] i  hosting: uploading new files [11/17] (64%)
[info] i  hosting: uploading new files [12/17] (70%)
[info] i  hosting: uploading new files [13/17] (76%)
[info] i  hosting: uploading new files [14/17] (82%)
[info] i  hosting: uploading new files [15/17] (88%)
[info] i  hosting: uploading new files [15/17] (88%)
[info] i  hosting: uploading new files [15/17] (88%)
[info] i  hosting: uploading new files [15/17] (88%)
[debug] [2018-11-21T01:11:56.094Z] [uploadQueue] Retrying task 9416efb10498f2c9ff59d35ac3fc395cb834a87531e51f8ca81fbf05f362d776
[info] i  hosting: uploading new files [16/17] (94%)
[info] i  hosting: uploading new files [16/17] (94%)
[info] i  hosting: uploading new files [16/17] (94%)
[info] i  hosting: uploading new files [16/17] (94%)
[info] i  hosting: uploading new files [16/17] (94%)
[info] i  hosting: uploading new files [16/17] (94%)
[info] i  hosting: uploading new files [16/17] (94%)
[info] i  hosting: uploading new files [16/17] (94%)
[debug] [2018-11-21T01:12:12.382Z] [hosting][upload queue][FINAL]
[info] ✔  hosting[devfest-paris-2019]: file upload complete
[debug] [2018-11-21T01:12:12.383Z] [hosting] deploy completed after 53124ms
[debug] [2018-11-21T01:12:12.647Z] [
  {
    "config": {
      "public": "./build",
      "cleanUrls": true,
      "rewrites": [
        {
          "source": "/**",
          "function": "prerender"
        }
      ],
      "ignore": [
        "/test/**",
        "bower.json",
        "database.rules.json",
        "firebase.json",
        "README.md"
      ],
      "headers": [
        {
          "source": "**",
          "headers": [
            {
              "key": "X-Content-Type-Options",
              "value": "nosniff"
            },
            {
              "key": "X-Frame-Options",
              "value": "DENY"
            },
            {
              "key": "X-XSS-Protection",
              "value": "1; mode=block"
            },
            {
              "key": "Referrer-Policy",
              "value": "same-origin"
            }
          ]
        }
      ],
      "site": "devfest-paris-2019"
    },
    "site": "devfest-paris-2019",
    "version": "sites/devfest-paris-2019/versions/6d7e4cb25a0e7bbc"
  }
]
[info] i  hosting[devfest-paris-2019]: finalizing version...
[debug] [2018-11-21T01:12:12.648Z] >>> HTTP REQUEST PATCH https://firebasehosting.googleapis.com/v1beta1/sites/devfest-paris-2019/versions/6d7e4cb25a0e7bbc?updateMask=status  

[debug] [2018-11-21T01:12:13.767Z] <<< HTTP RESPONSE 200
[debug] [2018-11-21T01:12:13.768Z] [hosting] finalized version for devfest-paris-2019:
[info] ✔  hosting[devfest-paris-2019]: version finalized
[info] i  hosting[devfest-paris-2019]: releasing new version...
[debug] [2018-11-21T01:12:13.770Z] >>> HTTP REQUEST POST https://firebasehosting.googleapis.com/v1beta1/sites/devfest-paris-2019/releases?version_name=sites/devfest-paris-2019/versions/6d7e4cb25a0e7bbc  

[debug] [2018-11-21T01:12:14.932Z] <<< HTTP RESPONSE 200
[debug] [2018-11-21T01:12:14.933Z] [hosting] release:
[info] ✔  hosting[devfest-paris-2019]: release complete
[info] 
[info] ✔  Deploy complete!
[info] 
[info] Project Console: https://console.firebase.google.com/project/devfest-paris-2019/overview
[info] Hosting URL: https://devfest-paris-2019.firebaseapp.com
